Arguments: 
  C:\Program Files\nodejs\node.exe C:\dev\node_global\node_modules\yarn\bin\yarn.js add create-react-class

PATH: 
  c:\program files (x86)\graphicsmagick-1.3.25-q16;C:\Python27\;C:\Python27\Scripts;C:\Windows\system32;C:\Windows;C:\Windows\System32\Wbem;C:\Windows\System32\WindowsPowerShell\v1.0\;C:\Users\lpz\.dnx\bin;C:\Program Files\Microsoft DNX\Dnvm\;C:\Program Files (x86)\Windows Kits\8.1\Windows Performance Toolkit\;C:\Program Files\Microsoft SQL Server\120\Tools\Binn\;C:\Program Files\Lenovo\Bluetooth Software\;C:\Program Files\Lenovo\Bluetooth Software\syswow64;C:\Users\lpz\AppData\Roaming\nvm;C:\Program Files\nodejs;C:\Program Files\MySQL\MySQL Server 5.5\bin;C:\ProgramData\chocolatey\bin;C:\Program Files\Microsoft\Web Platform Installer\;C:\Program Files\Git\cmd;C:\Users\lpz\.dnx\bin;C:\Users\lpz\AppData\Local\Microsoft\WindowsApps;C:\dev\node_global;C:\Users\lpz\AppData\Roaming\nvm;C:\Program Files (x86)\Google\Chrome\Application;C:\Program Files\Microsoft VS Code\bin;C:\app\Sublime Text Build 3142 x64;C:\Program Files\MongoDB\Server\3.4\bin

Yarn version: 
  1.3.2

Node version: 
  9.2.0

Platform: 
  win32 x64

npm manifest: 
  {
    "name": "react-demos",
    "version": "1.0.0",
    "main": "index.js",
    "license": "MIT",
    "dependencies": {
      "@babel/standalone": "^7.0.0-beta.32",
      "react": "^16.2.0",
      "react-dom": "^16.2.0"
    }
  }

yarn manifest: 
  No manifest

Lockfile: 
  # THIS IS AN AUTOGENERATED FILE. DO NOT EDIT THIS FILE DIRECTLY.
  # yarn lockfile v1
  
  
  "@babel/standalone@^7.0.0-beta.32":
    version "7.0.0-beta.32"
    resolved "http://registry.npm.taobao.org/@babel/standalone/download/@babel/standalone-7.0.0-beta.32.tgz#4c1d797cbba94ec16889385add0c87062770aaf8"
  
  asap@~2.0.3:
    version "2.0.6"
    resolved "http://registry.npm.taobao.org/asap/download/asap-2.0.6.tgz#e50347611d7e690943208bbdafebcbc2fb866d46"
  
  core-js@^1.0.0:
    version "1.2.7"
    resolved "http://registry.npm.taobao.org/core-js/download/core-js-1.2.7.tgz#652294c14651db28fa93bd2d5ff2983a4f08c636"
  
  encoding@^0.1.11:
    version "0.1.12"
    resolved "http://registry.npm.taobao.org/encoding/download/encoding-0.1.12.tgz#538b66f3ee62cd1ab51ec323829d1f9480c74beb"
    dependencies:
      iconv-lite "~0.4.13"
  
  fbjs@^0.8.16:
    version "0.8.16"
    resolved "http://registry.npm.taobao.org/fbjs/download/fbjs-0.8.16.tgz#5e67432f550dc41b572bf55847b8aca64e5337db"
    dependencies:
      core-js "^1.0.0"
      isomorphic-fetch "^2.1.1"
      loose-envify "^1.0.0"
      object-assign "^4.1.0"
      promise "^7.1.1"
      setimmediate "^1.0.5"
      ua-parser-js "^0.7.9"
  
  iconv-lite@~0.4.13:
    version "0.4.19"
    resolved "http://registry.npm.taobao.org/iconv-lite/download/iconv-lite-0.4.19.tgz#f7468f60135f5e5dad3399c0a81be9a1603a082b"
  
  is-stream@^1.0.1:
    version "1.1.0"
    resolved "http://registry.npm.taobao.org/is-stream/download/is-stream-1.1.0.tgz#12d4a3dd4e68e0b79ceb8dbc84173ae80d91ca44"
  
  isomorphic-fetch@^2.1.1:
    version "2.2.1"
    resolved "http://registry.npm.taobao.org/isomorphic-fetch/download/isomorphic-fetch-2.2.1.tgz#611ae1acf14f5e81f729507472819fe9733558a9"
    dependencies:
      node-fetch "^1.0.1"
      whatwg-fetch ">=0.10.0"
  
  js-tokens@^3.0.0:
    version "3.0.2"
    resolved "http://registry.npm.taobao.org/js-tokens/download/js-tokens-3.0.2.tgz#9866df395102130e38f7f996bceb65443209c25b"
  
  loose-envify@^1.0.0, loose-envify@^1.1.0, loose-envify@^1.3.1:
    version "1.3.1"
    resolved "http://registry.npm.taobao.org/loose-envify/download/loose-envify-1.3.1.tgz#d1a8ad33fa9ce0e713d65fdd0ac8b748d478c848"
    dependencies:
      js-tokens "^3.0.0"
  
  node-fetch@^1.0.1:
    version "1.7.3"
    resolved "http://registry.npm.taobao.org/node-fetch/download/node-fetch-1.7.3.tgz#980f6f72d85211a5347c6b2bc18c5b84c3eb47ef"
    dependencies:
      encoding "^0.1.11"
      is-stream "^1.0.1"
  
  object-assign@^4.1.0, object-assign@^4.1.1:
    version "4.1.1"
    resolved "http://registry.npm.taobao.org/object-assign/download/object-assign-4.1.1.tgz#2109adc7965887cfc05cbbd442cac8bfbb360863"
  
  promise@^7.1.1:
    version "7.3.1"
    resolved "http://registry.npm.taobao.org/promise/download/promise-7.3.1.tgz#064b72602b18f90f29192b8b1bc418ffd1ebd3bf"
    dependencies:
      asap "~2.0.3"
  
  prop-types@^15.6.0:
    version "15.6.0"
    resolved "http://registry.npm.taobao.org/prop-types/download/prop-types-15.6.0.tgz#ceaf083022fc46b4a35f69e13ef75aed0d639856"
    dependencies:
      fbjs "^0.8.16"
      loose-envify "^1.3.1"
      object-assign "^4.1.1"
  
  react-dom@^16.2.0:
    version "16.2.0"
    resolved "http://registry.npm.taobao.org/react-dom/download/react-dom-16.2.0.tgz#69003178601c0ca19b709b33a83369fe6124c044"
    dependencies:
      fbjs "^0.8.16"
      loose-envify "^1.1.0"
      object-assign "^4.1.1"
      prop-types "^15.6.0"
  
  react@^16.2.0:
    version "16.2.0"
    resolved "http://registry.npm.taobao.org/react/download/react-16.2.0.tgz#a31bd2dab89bff65d42134fa187f24d054c273ba"
    dependencies:
      fbjs "^0.8.16"
      loose-envify "^1.1.0"
      object-assign "^4.1.1"
      prop-types "^15.6.0"
  
  setimmediate@^1.0.5:
    version "1.0.5"
    resolved "http://registry.npm.taobao.org/setimmediate/download/setimmediate-1.0.5.tgz#290cbb232e306942d7d7ea9b83732ab7856f8285"
  
  ua-parser-js@^0.7.9:
    version "0.7.17"
    resolved "http://registry.npm.taobao.org/ua-parser-js/download/ua-parser-js-0.7.17.tgz#e9ec5f9498b9ec910e7ae3ac626a805c4d09ecac"
  
  whatwg-fetch@>=0.10.0:
    version "2.0.3"
    resolved "http://registry.npm.taobao.org/whatwg-fetch/download/whatwg-fetch-2.0.3.tgz#9c84ec2dcf68187ff00bc64e1274b442176e1c84"

Trace: 
  Error: getaddrinfo ENOTFOUND registry.npm.taobao.org registry.npm.taobao.org:443
      at errnoException (dns.js:55:10)
      at GetAddrInfoReqWrap.onlookup [as oncomplete] (dns.js:97:26)
